<?xml version="1.0" encoding="UTF-8"?>
<testsuite xmlns:xsi="http://www.w3.org/2001/XMLSchema-instance" xsi:noNamespaceSchemaLocation="https://maven.apache.org/surefire/maven-surefire-plugin/xsd/surefire-test-report-3.0.xsd" version="3.0" name="runners.TestRunner" time="8.718" tests="3" errors="0" skipped="0" failures="0">
  <properties>
[...]
</properties>
  <testcase name="Successful Login" classname="Login Feature" time="3.402">
    <system-out><![CDATA[
@SuccessLogin
Scenario: Successful Login                    &amp#27;[90m# src/test/resource/features/login.feature:4&amp#27;[0m
  &amp#27;[32mGiven &amp#27;[0m&amp#27;[32mI am on the login page&amp#27;[0m                &amp#27;[90m# stepDefinitions.LoginSteps.i_am_on_the_login_page()&amp#27;[0m
  &amp#27;[32mWhen &amp#27;[0m&amp#27;[32mI enter valid email&amp#27;[0m                    &amp#27;[90m# stepDefinitions.LoginSteps.i_enter_valid_email()&amp#27;[0m
  &amp#27;[32mAnd &amp#27;[0m&amp#27;[32mI enter valid password&amp#27;[0m                  &amp#27;[90m# stepDefinitions.LoginSteps.i_enter_valid_password()&amp#27;[0m
  &amp#27;[32mAnd &amp#27;[0m&amp#27;[32mI click login&amp#27;[0m                           &amp#27;[90m# stepDefinitions.LoginSteps.i_click_login()&amp#27;[0m
  &amp#27;[32mThen &amp#27;[0m&amp#27;[32mI should be redirected to the homepage&amp#27;[0m &amp#27;[90m# stepDefinitions.LoginSteps.i_should_be_redirected_to_the_homepage()&amp#27;[0m
]]></system-out>
    <system-err><![CDATA[SLF4J: Failed to load class "org.slf4j.impl.StaticLoggerBinder".
SLF4J: Defaulting to no-operation (NOP) logger implementation
SLF4J: See http://www.slf4j.org/codes.html#StaticLoggerBinder for further details.
Starting ChromeDriver 131.0.6778.204 (52183f9e99a61056f9b78535f53d256f1516f2a0-refs/branch-heads/6778_155@{#7}) on port 60551
Only local connections are allowed.
Please see https://chromedriver.chromium.org/security-considerations for suggestions on keeping ChromeDriver safe.
ChromeDriver was started successfully on port 60551.
Jan 05, 2025 7:03:47 PM org.openqa.selenium.remote.ProtocolHandshake createSession
INFO: Detected dialect: W3C
Jan 05, 2025 7:03:47 PM org.openqa.selenium.devtools.CdpVersionFinder findNearestMatch
WARNING: Unable to find an exact match for CDP version 131, so returning the closest version found: a no-op implementation
Jan 05, 2025 7:03:47 PM org.openqa.selenium.devtools.CdpVersionFinder findNearestMatch
INFO: Unable to find CDP implementation matching 131.
Jan 05, 2025 7:03:47 PM org.openqa.selenium.chromium.ChromiumDriver lambda$new$3
WARNING: Unable to find version of CDP to use for . You may need to include a dependency on a specific version of the CDP using something similar to `org.seleniumhq.selenium:selenium-devtools-v86:4.0.0` where the version ("v86") matches the version of the chromium-based browser you're using and the version number of the artifact is the same as Selenium's.
]]></system-err>
  </testcase>
  <testcase name="Login with unregistered email #1" classname="Login Feature" time="2.276">
    <system-out><![CDATA[
@UnregisteredEmail
Scenario: Login with unregistered email                            &amp#27;[90m# src/test/resource/features/login.feature:12&amp#27;[0m
  &amp#27;[32mGiven &amp#27;[0m&amp#27;[32mI am on the login page&amp#27;[0m                                     &amp#27;[90m# stepDefinitions.LoginSteps.i_am_on_the_login_page()&amp#27;[0m
  &amp#27;[32mWhen &amp#27;[0m&amp#27;[32mI enter unregistered email&amp#27;[0m                                  &amp#27;[90m# stepDefinitions.LoginSteps.i_enter_unregistered_email()&amp#27;[0m
  &amp#27;[32mAnd &amp#27;[0m&amp#27;[32mI enter valid password&amp#27;[0m                                       &amp#27;[90m# stepDefinitions.LoginSteps.i_enter_valid_password()&amp#27;[0m
  &amp#27;[32mAnd &amp#27;[0m&amp#27;[32mI click login&amp#27;[0m                                                &amp#27;[90m# stepDefinitions.LoginSteps.i_click_login()&amp#27;[0m
  &amp#27;[32mThen &amp#27;[0m&amp#27;[32mI should see warning message 'Login Gagal! Akun tidak ada.'&amp#27;[0m &amp#27;[90m# stepDefinitions.LoginSteps.i_should_see_warning_message_akun_not_found()&amp#27;[0m
]]></system-out>
    <system-err><![CDATA[Starting ChromeDriver 131.0.6778.204 (52183f9e99a61056f9b78535f53d256f1516f2a0-refs/branch-heads/6778_155@{#7}) on port 53987
Only local connections are allowed.
Please see https://chromedriver.chromium.org/security-considerations for suggestions on keeping ChromeDriver safe.
ChromeDriver was started successfully on port 53987.
Jan 05, 2025 7:03:50 PM org.openqa.selenium.remote.ProtocolHandshake createSession
INFO: Detected dialect: W3C
Jan 05, 2025 7:03:50 PM org.openqa.selenium.devtools.CdpVersionFinder findNearestMatch
WARNING: Unable to find an exact match for CDP version 131, so returning the closest version found: a no-op implementation
Jan 05, 2025 7:03:50 PM org.openqa.selenium.devtools.CdpVersionFinder findNearestMatch
INFO: Unable to find CDP implementation matching 131.
Jan 05, 2025 7:03:50 PM org.openqa.selenium.chromium.ChromiumDriver lambda$new$3
WARNING: Unable to find version of CDP to use for . You may need to include a dependency on a specific version of the CDP using something similar to `org.seleniumhq.selenium:selenium-devtools-v86:4.0.0` where the version ("v86") matches the version of the chromium-based browser you're using and the version number of the artifact is the same as Selenium's.
]]></system-err>
  </testcase>
  <testcase name="Login with unregistered email #2" classname="Login Feature" time="2.571">
    <system-out><![CDATA[
@InvalidPassword
Scenario: Login with unregistered email                              &amp#27;[90m# src/test/resource/features/login.feature:20&amp#27;[0m
  &amp#27;[32mGiven &amp#27;[0m&amp#27;[32mI am on the login page&amp#27;[0m                                       &amp#27;[90m# stepDefinitions.LoginSteps.i_am_on_the_login_page()&amp#27;[0m
  &amp#27;[32mWhen &amp#27;[0m&amp#27;[32mI enter valid email&amp#27;[0m                                           &amp#27;[90m# stepDefinitions.LoginSteps.i_enter_valid_email()&amp#27;[0m
  &amp#27;[32mAnd &amp#27;[0m&amp#27;[32mI enter invalid password&amp#27;[0m                                       &amp#27;[90m# stepDefinitions.LoginSteps.i_enter_invalid_password()&amp#27;[0m
  &amp#27;[32mAnd &amp#27;[0m&amp#27;[32mI click login&amp#27;[0m                                                  &amp#27;[90m# stepDefinitions.LoginSteps.i_click_login()&amp#27;[0m
  &amp#27;[32mThen &amp#27;[0m&amp#27;[32mI should see warning message 'Login Gagal! Kata sandi salah.'&amp#27;[0m &amp#27;[90m# stepDefinitions.LoginSteps.i_should_see_warning_message_login_gagal()&amp#27;[0m
]]></system-out>
    <system-err><![CDATA[Starting ChromeDriver 131.0.6778.204 (52183f9e99a61056f9b78535f53d256f1516f2a0-refs/branch-heads/6778_155@{#7}) on port 60188
Only local connections are allowed.
Please see https://chromedriver.chromium.org/security-considerations for suggestions on keeping ChromeDriver safe.
ChromeDriver was started successfully on port 60188.
Jan 05, 2025 7:03:52 PM org.openqa.selenium.remote.ProtocolHandshake createSession
INFO: Detected dialect: W3C
Jan 05, 2025 7:03:52 PM org.openqa.selenium.devtools.CdpVersionFinder findNearestMatch
WARNING: Unable to find an exact match for CDP version 131, so returning the closest version found: a no-op implementation
Jan 05, 2025 7:03:52 PM org.openqa.selenium.devtools.CdpVersionFinder findNearestMatch
INFO: Unable to find CDP implementation matching 131.
Jan 05, 2025 7:03:52 PM org.openqa.selenium.chromium.ChromiumDriver lambda$new$3
WARNING: Unable to find version of CDP to use for . You may need to include a dependency on a specific version of the CDP using something similar to `org.seleniumhq.selenium:selenium-devtools-v86:4.0.0` where the version ("v86") matches the version of the chromium-based browser you're using and the version number of the artifact is the same as Selenium's.
]]></system-err>
  </testcase>
</testsuite>